TN:
SF:backend/controllers/commonController.js
FN:13,(anonymous_0)
FN:98,(anonymous_1)
FNF:2
FNH:2
FNDA:4,(anonymous_0)
FNDA:4,(anonymous_1)
DA:1,1
DA:2,1
DA:13,1
DA:14,4
DA:15,1
DA:20,1
DA:23,3
DA:24,3
DA:26,3
DA:28,3
DA:34,1
DA:44,2
DA:52,2
DA:71,1
DA:76,1
DA:81,1
DA:86,1
DA:98,1
DA:99,4
DA:100,1
DA:105,1
DA:107,3
DA:110,3
DA:111,3
DA:112,3
DA:115,3
DA:117,2
DA:119,1
DA:139,1
DA:165,1
DA:170,1
DA:174,1
LF:32
LH:32
BRDA:14,0,0,1
BRDA:14,0,1,3
BRDA:14,1,0,4
BRDA:14,1,1,4
BRDA:28,2,0,1
BRDA:28,2,1,2
BRDA:29,3,0,3
BRDA:29,3,1,3
BRDA:29,3,2,2
BRDA:99,4,0,1
BRDA:99,4,1,3
BRDA:99,5,0,4
BRDA:99,5,1,4
BRDA:99,5,2,3
BRDA:99,5,3,3
BRDA:117,6,0,1
BRDA:117,6,1,1
BRF:17
BRH:17
end_of_record
TN:
SF:backend/controllers/dealsController.js
FN:12,(anonymous_0)
FN:41,(anonymous_1)
FN:60,(anonymous_2)
FNF:3
FNH:3
FNDA:3,(anonymous_0)
FNDA:2,(anonymous_1)
FNDA:3,(anonymous_2)
DA:1,1
DA:2,1
DA:12,1
DA:13,3
DA:16,3
DA:18,3
DA:19,3
DA:24,2
DA:25,2
DA:26,1
DA:28,1
DA:31,1
DA:32,1
DA:41,2
DA:60,3
DA:128,1
LF:16
LH:16
BRDA:25,0,0,1
BRDA:25,0,1,1
BRDA:25,1,0,2
BRDA:25,1,1,2
BRF:4
BRH:4
end_of_record
TN:
SF:backend/controllers/dialogflowController.js
FN:27,(anonymous_0)
FN:84,(anonymous_1)
FN:97,(anonymous_2)
FN:100,(anonymous_3)
FN:101,(anonymous_4)
FN:105,(anonymous_5)
FN:119,(anonymous_6)
FNF:7
FNH:6
FNDA:3,(anonymous_0)
FNDA:2,(anonymous_1)
FNDA:2,(anonymous_2)
FNDA:1,(anonymous_3)
FNDA:1,(anonymous_4)
FNDA:0,(anonymous_5)
FNDA:1,(anonymous_6)
DA:3,1
DA:11,1
DA:12,1
DA:13,1
DA:27,1
DA:28,3
DA:34,3
DA:35,1
DA:40,1
DA:43,2
DA:45,2
DA:52,2
DA:63,2
DA:64,2
DA:65,2
DA:66,2
DA:67,1
DA:70,1
DA:74,1
DA:76,1
DA:77,1
DA:83,1
DA:84,1
DA:85,2
DA:86,1
DA:90,1
DA:91,0
DA:95,1
DA:97,1
DA:98,2
DA:99,1
DA:100,1
DA:101,1
DA:102,1
DA:103,1
DA:104,0
DA:105,0
DA:106,0
DA:108,1
DA:109,1
DA:112,1
DA:118,1
DA:120,1
DA:127,1
DA:135,1
DA:136,1
DA:146,1
DA:147,1
DA:153,1
DA:154,1
DA:155,1
DA:156,1
DA:164,1
DA:169,1
DA:174,1
LF:55
LH:51
BRDA:34,0,0,1
BRDA:34,0,1,2
BRDA:34,1,0,3
BRDA:34,1,1,3
BRDA:34,1,2,2
BRDA:34,1,3,2
BRDA:34,1,4,2
BRDA:70,2,0,1
BRDA:70,2,1,0
BRDA:83,3,0,1
BRDA:83,3,1,0
BRDA:83,4,0,1
BRDA:83,4,1,1
BRDA:85,5,0,1
BRDA:85,5,1,1
BRDA:85,6,0,2
BRDA:85,6,1,1
BRDA:90,7,0,0
BRDA:90,7,1,1
BRDA:98,8,0,1
BRDA:98,8,1,1
BRDA:98,9,0,2
BRDA:98,9,1,1
BRDA:103,10,0,0
BRDA:103,10,1,1
BRDA:108,11,0,1
BRDA:108,11,1,0
BRDA:146,12,0,1
BRDA:146,12,1,0
BRDA:160,13,0,1
BRDA:160,13,1,0
BRF:31
BRH:24
end_of_record
TN:
SF:backend/controllers/orderController.js
FN:19,(anonymous_0)
FN:43,(anonymous_1)
FN:80,(anonymous_2)
FNF:3
FNH:3
FNDA:3,(anonymous_0)
FNDA:1,(anonymous_1)
FNDA:1,(anonymous_2)
DA:3,1
DA:4,1
DA:5,1
DA:6,1
DA:8,1
DA:9,1
DA:19,1
DA:20,3
DA:21,3
DA:22,3
DA:23,3
DA:24,3
DA:25,2
DA:26,2
DA:27,1
DA:29,1
DA:32,1
DA:33,1
DA:43,1
DA:80,1
DA:105,1
LF:21
LH:21
BRDA:26,0,0,1
BRDA:26,0,1,1
BRDA:54,1,0,0
BRDA:54,1,1,1
BRDA:57,2,0,1
BRDA:57,2,1,0
BRDA:58,3,0,1
BRDA:58,3,1,0
BRF:8
BRH:5
end_of_record
