TN:
SF:backend/controllers/commonController.js
FN:13,(anonymous_0)
FN:98,(anonymous_1)
FNF:2
FNH:2
FNDA:4,(anonymous_0)
FNDA:4,(anonymous_1)
DA:1,1
DA:2,1
DA:13,1
DA:14,4
DA:15,1
DA:20,1
DA:23,3
DA:24,3
DA:26,3
DA:28,3
DA:34,1
DA:44,2
DA:52,2
DA:71,1
DA:76,1
DA:81,1
DA:86,1
DA:98,1
DA:99,4
DA:100,1
DA:105,1
DA:107,3
DA:110,3
DA:111,3
DA:112,3
DA:115,3
DA:117,2
DA:119,1
DA:139,1
DA:165,1
DA:170,1
DA:174,1
LF:32
LH:32
BRDA:14,0,0,1
BRDA:14,0,1,3
BRDA:14,1,0,4
BRDA:14,1,1,4
BRDA:28,2,0,1
BRDA:28,2,1,2
BRDA:29,3,0,3
BRDA:29,3,1,3
BRDA:29,3,2,2
BRDA:99,4,0,1
BRDA:99,4,1,3
BRDA:99,5,0,4
BRDA:99,5,1,4
BRDA:99,5,2,3
BRDA:99,5,3,3
BRDA:117,6,0,1
BRDA:117,6,1,1
BRF:17
BRH:17
end_of_record
TN:
SF:backend/controllers/dealsController.js
FN:12,(anonymous_0)
FN:41,(anonymous_1)
FN:60,(anonymous_2)
FNF:3
FNH:3
FNDA:3,(anonymous_0)
FNDA:2,(anonymous_1)
FNDA:3,(anonymous_2)
DA:1,1
DA:2,1
DA:12,1
DA:13,3
DA:16,3
DA:18,3
DA:19,3
DA:24,2
DA:25,2
DA:26,1
DA:28,1
DA:31,1
DA:32,1
DA:41,2
DA:60,3
DA:128,1
LF:16
LH:16
BRDA:25,0,0,1
BRDA:25,0,1,1
BRDA:25,1,0,2
BRDA:25,1,1,2
BRF:4
BRH:4
end_of_record
